package:com.ANIMPANOO.beutwatvh
permission:android.permission.INTERNET
permission:android.permission.WRITE_EXTERNAL_STORAGE
permission:android.permission.SET_WALLPAPER
permission:android.permission.SET_WALLPAPER_HINTS
permission:com.google.android.c2dm.permission.RECEIVE
permission:com.ANIMPANOO.beutwatvh.permission.C2D_MESSAGE
permission:android.permission.WAKE_LOCK
permission:android.permission.VIBRATE
permission:android.permission.ACCESS_NETWORK_STATE
permission:android.permission.RECEIVE_BOOT_COMPLETED
permission:com.sec.android.provider.badge.permission.READ
permission:com.sec.android.provider.badge.permission.WRITE
permission:com.htc.launcher.permission.READ_SETTINGS
permission:com.htc.launcher.permission.UPDATE_SHORTCUT
permission:com.sonyericsson.home.permission.BROADCAST_BADGE
permission:com.sonymobile.home.permission.PROVIDER_INSERT_BADGE
permission:com.anddoes.launcher.permission.UPDATE_COUNT
permission:com.majeur.launcher.permission.UPDATE_BADGE
permission:com.huawei.android.launcher.permission.CHANGE_BADGE
permission:com.huawei.android.launcher.permission.READ_SETTINGS
permission:com.huawei.android.launcher.permission.WRITE_SETTINGS
permission:android.permission.READ_APP_BADGE
permission:com.oppo.launcher.permission.READ_SETTINGS
permission:com.oppo.launcher.permission.WRITE_SETTINGS
permission:me.everything.badger.permission.BADGE_COUNT_READ
permission:me.everything.badger.permission.BADGE_COUNT_WRITE
permission:com.google.android.finsky.permission.BIND_GET_INSTALL_REFERRER_SERVICE
nativeInterface:Lcom/facebook/animated/gif/GifImage;|nativeFinalize|()V
nativeInterface:Lcom/facebook/animated/gif/GifImage;|nativeGetLoopCount|()I
nativeInterface:Lcom/facebook/animated/gif/GifImage;|nativeGetSizeInBytes|()I
nativeInterface:Lcom/facebook/animated/gif/GifImage;|nativeGetWidth|()I
nativeInterface:Lcom/facebook/animated/gif/GifImage;|nativeDispose|()V
nativeInterface:Lcom/facebook/animated/gif/GifImage;|nativeGetDuration|()I
nativeInterface:Lcom/facebook/animated/gif/GifImage;|nativeGetFrame|(I)Lcom/facebook/animated/gif/GifFrame;
nativeInterface:Lcom/facebook/animated/gif/GifImage;|nativeGetFrameCount|()I
nativeInterface:Lcom/facebook/animated/gif/GifImage;|nativeGetFrameDurations|()[I
nativeInterface:Lcom/facebook/animated/gif/GifImage;|nativeGetHeight|()I
nativeInterface:Lcom/facebook/animated/gif/GifFrame;|nativeGetWidth|()I
nativeInterface:Lcom/facebook/animated/gif/GifFrame;|nativeGetXOffset|()I
nativeInterface:Lcom/facebook/animated/gif/GifFrame;|nativeGetYOffset|()I
nativeInterface:Lcom/facebook/animated/gif/GifFrame;|nativeHasTransparency|()Z
nativeInterface:Lcom/facebook/animated/gif/GifFrame;|nativeRenderFrame|(I I Landroid/graphics/Bitmap;)V
nativeInterface:Lcom/facebook/animated/gif/GifFrame;|nativeDispose|()V
nativeInterface:Lcom/facebook/animated/gif/GifFrame;|nativeFinalize|()V
nativeInterface:Lcom/facebook/animated/gif/GifFrame;|nativeGetDisposalMode|()I
nativeInterface:Lcom/facebook/animated/gif/GifFrame;|nativeGetDurationMs|()I
nativeInterface:Lcom/facebook/animated/gif/GifFrame;|nativeGetHeight|()I
nativeInterface:Lcom/facebook/animated/gif/GifFrame;|nativeGetTransparentPixelColor|()I
